{"level":"info","message":"Server running on port 3001","timestamp":"2025-01-25T20:56:28.709Z"}
{"level":"info","message":"Server running on port 3001","timestamp":"2025-01-25T20:57:03.929Z"}
{"level":"info","message":"Server running on port 3001","timestamp":"2025-01-25T20:57:45.018Z"}
{"level":"info","message":"Server running on port 3001","timestamp":"2025-01-25T20:59:31.905Z"}
{"level":"info","message":"Attempting to create logs directory at:","timestamp":"2025-01-25T21:00:08.724Z"}
{"level":"info","message":"Logs directory already exists and has correct permissions","timestamp":"2025-01-25T21:00:08.725Z"}
{"level":"info","message":"Server running on port 3001","timestamp":"2025-01-25T21:00:08.727Z"}
{"level":"info","message":"Attempting to create logs directory at:","timestamp":"2025-01-25T21:01:10.885Z"}
{"level":"info","message":"Logs directory already exists and has correct permissions","timestamp":"2025-01-25T21:01:10.887Z"}
{"level":"info","message":"Server running on port 3001","timestamp":"2025-01-25T21:01:10.889Z"}
{"level":"info","message":"Attempting to create logs directory at:","timestamp":"2025-01-25T21:02:08.834Z"}
{"level":"info","message":"Logs directory already exists and has correct permissions","timestamp":"2025-01-25T21:02:08.836Z"}
{"level":"info","message":"Server running on port 3001","timestamp":"2025-01-25T21:02:08.838Z"}
{"level":"info","message":"Attempting to create logs directory at:","timestamp":"2025-01-25T21:37:57.321Z"}
{"level":"info","message":"Attempting to create logs directory at:","timestamp":"2025-01-25T21:49:47.672Z"}
{"level":"info","message":"Attempting to create logs directory at:","timestamp":"2025-01-25T21:58:06.538Z"}
{"level":"info","message":"Attempting to create logs directory at:","timestamp":"2025-01-25T22:17:18.124Z"}
{"level":"info","message":"Logs directory already exists and has correct permissions","timestamp":"2025-01-25T22:17:18.130Z"}
{"level":"info","message":"Server running on port 3001","timestamp":"2025-01-25T22:17:18.134Z"}
{"level":"info","message":"::1 - - [25/Jan/2025:22:55:06 +0000] \"POST /api/gpx/upload HTTP/1.1\" 500 184 \"http://localhost:3000/\" \"Mozilla/5.0 (Macintosh; Intel Mac OS X 10_15_7) AppleWebKit/605.1.15 (KHTML, like Gecko) Version/17.2.1 Safari/605.1.15\"","timestamp":"2025-01-25T22:55:06.158Z"}
{"level":"info","message":"::1 - - [25/Jan/2025:22:55:13 +0000] \"POST /api/gpx/upload HTTP/1.1\" 500 184 \"http://localhost:3000/\" \"Mozilla/5.0 (Macintosh; Intel Mac OS X 10_15_7) AppleWebKit/605.1.15 (KHTML, like Gecko) Version/17.2.1 Safari/605.1.15\"","timestamp":"2025-01-25T22:55:13.701Z"}
{"level":"info","message":"::1 - - [25/Jan/2025:22:57:24 +0000] \"POST /api/gpx/upload HTTP/1.1\" 500 184 \"http://localhost:3000/\" \"Mozilla/5.0 (Macintosh; Intel Mac OS X 10_15_7) AppleWebKit/605.1.15 (KHTML, like Gecko) Version/17.2.1 Safari/605.1.15\"","timestamp":"2025-01-25T22:57:24.566Z"}
{"level":"info","message":"::1 - - [25/Jan/2025:22:57:30 +0000] \"POST /api/gpx/upload HTTP/1.1\" 500 184 \"http://localhost:3000/\" \"Mozilla/5.0 (Macintosh; Intel Mac OS X 10_15_7) AppleWebKit/605.1.15 (KHTML, like Gecko) Version/17.2.1 Safari/605.1.15\"","timestamp":"2025-01-25T22:57:30.186Z"}
{"level":"info","message":"::1 - - [25/Jan/2025:23:05:02 +0000] \"POST /api/gpx/upload HTTP/1.1\" 500 184 \"http://localhost:3000/\" \"Mozilla/5.0 (Macintosh; Intel Mac OS X 10_15_7) AppleWebKit/605.1.15 (KHTML, like Gecko) Version/17.2.1 Safari/605.1.15\"","timestamp":"2025-01-25T23:05:02.610Z"}
{"level":"info","message":"::1 - - [25/Jan/2025:23:17:22 +0000] \"POST /api/gpx/upload HTTP/1.1\" 500 184 \"http://localhost:3000/\" \"Mozilla/5.0 (Macintosh; Intel Mac OS X 10_15_7) AppleWebKit/605.1.15 (KHTML, like Gecko) Version/17.2.1 Safari/605.1.15\"","timestamp":"2025-01-25T23:17:22.237Z"}
{"level":"info","message":"::1 - - [25/Jan/2025:23:23:21 +0000] \"POST /api/gpx/upload HTTP/1.1\" 500 38 \"http://localhost:3000/\" \"Mozilla/5.0 (Macintosh; Intel Mac OS X 10_15_7) AppleWebKit/605.1.15 (KHTML, like Gecko) Version/17.2.1 Safari/605.1.15\"","timestamp":"2025-01-25T23:23:21.526Z"}
{"level":"info","message":"::1 - - [25/Jan/2025:23:24:09 +0000] \"POST /api/gpx/upload HTTP/1.1\" 500 38 \"http://localhost:3000/\" \"Mozilla/5.0 (Macintosh; Intel Mac OS X 10_15_7) AppleWebKit/605.1.15 (KHTML, like Gecko) Version/17.2.1 Safari/605.1.15\"","timestamp":"2025-01-25T23:24:09.828Z"}
{"level":"info","message":"::1 - - [25/Jan/2025:23:24:16 +0000] \"POST /api/gpx/upload HTTP/1.1\" 500 38 \"http://localhost:3000/\" \"Mozilla/5.0 (Macintosh; Intel Mac OS X 10_15_7) AppleWebKit/605.1.15 (KHTML, like Gecko) Version/17.2.1 Safari/605.1.15\"","timestamp":"2025-01-25T23:24:16.590Z"}
{"level":"info","message":"::1 - - [25/Jan/2025:23:25:39 +0000] \"POST /api/gpx/upload HTTP/1.1\" 500 38 \"http://localhost:3000/\" \"Mozilla/5.0 (Macintosh; Intel Mac OS X 10_15_7) AppleWebKit/605.1.15 (KHTML, like Gecko) Version/17.2.1 Safari/605.1.15\"","timestamp":"2025-01-25T23:25:39.875Z"}
{"level":"info","message":"Attempting to create logs directory at:","timestamp":"2025-01-25T23:27:55.873Z"}
{"level":"info","message":"logs directory already exists and has correct permissions","timestamp":"2025-01-25T23:27:55.875Z"}
{"level":"info","message":"Attempting to create uploads directory at:","timestamp":"2025-01-25T23:27:55.876Z"}
{"level":"info","message":"Successfully created uploads directory","timestamp":"2025-01-25T23:27:55.876Z"}
{"level":"info","message":"Server running on port 3001","timestamp":"2025-01-25T23:27:55.879Z"}
{"level":"info","message":"::1 - - [25/Jan/2025:23:29:11 +0000] \"POST /api/gpx/upload HTTP/1.1\" 500 147 \"http://localhost:3000/\" \"Mozilla/5.0 (Macintosh; Intel Mac OS X 10_15_7) AppleWebKit/605.1.15 (KHTML, like Gecko) Version/17.2.1 Safari/605.1.15\"","timestamp":"2025-01-25T23:29:11.766Z"}
{"level":"info","message":"::1 - - [25/Jan/2025:23:38:45 +0000] \"POST /api/gpx/upload HTTP/1.1\" 500 147 \"http://localhost:3000/\" \"Mozilla/5.0 (Macintosh; Intel Mac OS X 10_15_7) AppleWebKit/605.1.15 (KHTML, like Gecko) Version/17.2.1 Safari/605.1.15\"","timestamp":"2025-01-25T23:38:45.728Z"}
